<?xml version="1.0" encoding="UTF-8"?>
<!-- Generated by org.testng.reporters.JUnitReportReporter -->
<testsuite skipped="0" hostname="LAPTOP-ADF0UDSS" name="com.bank.testsuite.BankTest" tests="5" failures="0" timestamp="2022-12-09T01:15:30 GMT" time="23.780" errors="0">
  <testcase name="bankManagerShouldAddCustomerSuccessfully" time="5.843" classname="com.bank.testsuite.BankTest"/>
  <system-out/>
  <testcase name="bankManagerShouldOpenAccountSuccessfully" time="4.285" classname="com.bank.testsuite.BankTest"/>
  <system-out/>
  <testcase name="customerShouldDepositMoneySuccessfully" time="4.445" classname="com.bank.testsuite.BankTest"/>
  <system-out/>
  <testcase name="customerShouldWithdrawMoneySuccessfully" time="5.089" classname="com.bank.testsuite.BankTest"/>
  <system-out/>
  <testcase name="customerShouldLoginAndLogoutSuccessfully" time="4.118" classname="com.bank.testsuite.BankTest"/>
  <system-out/>
</testsuite> <!-- com.bank.testsuite.BankTest -->
